<?xml version="1.0" encoding="UTF-8"?>
<!-- Generated by org.testng.reporters.JUnitReportReporter -->
<testsuite skipped="0" hostname="User-PC" name="selenium.NewTest" tests="1" failures="0" timestamp="04 Mar 2018 14:42:04 GMT" time="8.759" errors="0">
  <testcase name="script" time="8.759" classname="selenium.NewTest"/>
</testsuite> <!-- selenium.NewTest -->
